Arguments: 
  C:\Program Files\nodejs\node.exe C:\Users\HP\AppData\Roaming\npm\node_modules\yarn\bin\yarn.js add css-tree css-select

PATH: 
  E:\Program Files (x86)\VMware\VMware Workstation\bin\;C:\Program Files (x86)\Common Files\Intel\Shared Libraries\redist\intel64\compiler;C:\windows\system32;C:\windows;C:\windows\System32\Wbem;C:\windows\System32\WindowsPowerShell\v1.0\;C:\windows\System32\OpenSSH\;C:\Program Files (x86)\NVIDIA Corporation\PhysX\Common;C:\Program Files\NVIDIA Corporation\NVIDIA NvDLISR;E:\Program Files (x86)\QuickTime\QTSystem\;E:\Program Files\Microsoft VS Code\bin;E:\xampp\php;C:\ProgramData\ComposerSetup\bin;C:\Users\HP\AppData\Roaming\Composer\vendor\bin;E:\Program Files\Git\cmd;E:\Program Files\heroku\bin;;C:\UsersHP\AppData\Roaming\npm;E:\UsersHP\AppData\Roaming\npm;C:\ProgramData\chocolatey\bin;C:\Program Files\nodejs\;E:\Program Files\PuTTY\;C:\Program Files\Microsoft SQL Server\Client SDK\ODBC\170\Tools\Binn\;C:\Program Files (x86)\Microsoft SQL Server\150\Tools\Binn\;C:\Program Files\Microsoft SQL Server\150\Tools\Binn\;C:\Program Files\Microsoft SQL Server\150\DTS\Binn\;C:\Program Files (x86)\Microsoft SQL Server\150\DTS\Binn\;C:\Program Files\Azure Data Studio\bin;C:\Users\HP\AppData\Local\Microsoft\WindowsApps;E:\Program Files\Salesforce CLI\bin;E:\pmd-bin-6.26.0\bin;C:\Users\HP\AppData\Roaming\Composer\vendor\bin;E:\Program Files\heroku\bin;;E:\Program Files\nodejs\;C:\Users\HP\AppData\Roaming\npm;C:\Program Files\Azure Data Studio\bin

Yarn version: 
  1.22.18

Node version: 
  16.13.1

Platform: 
  win32 x64

Trace: 
  Error: EPERM: operation not permitted, unlink 'E:\VsCode Projects\react-native\deliveroo-clone\node_modules\@jest\types\node_modules\ansi-styles'

npm manifest: 
  {
    "name": "deliveroo-clone",
    "version": "1.0.0",
    "main": "node_modules/expo/AppEntry.js",
    "scripts": {
      "start": "expo start",
      "android": "expo start --android",
      "ios": "expo start --ios",
      "web": "expo start --web"
    },
    "dependencies": {
      "@react-navigation/native": "^6.0.11",
      "@react-navigation/native-stack": "^6.7.0",
      "expo": "~46.0.7",
      "expo-status-bar": "~1.4.0",
      "react": "18.0.0",
      "react-native": "0.69.4",
      "react-native-heroicons": "^2.2.0",
      "react-native-safe-area-context": "4.3.1",
      "react-native-screens": "~3.15.0",
      "react-native-svg": "^13.0.0",
      "tailwindcss-react-native": "^1.7.10"
    },
    "devDependencies": {
      "@babel/core": "^7.12.9",
      "tailwindcss": "^3.1.8"
    },
    "private": true
  }

yarn manifest: 
  No manifest

Lockfile: 
  No lockfile
